mode: atomic
github.com/go-jimu/components/logger/helper.go:23.55,25.8 2 1
github.com/go-jimu/components/logger/helper.go:28.2,29.27 2 1
github.com/go-jimu/components/logger/helper.go:32.2,32.15 1 1
github.com/go-jimu/components/logger/helper.go:25.8,27.3 1 0
github.com/go-jimu/components/logger/helper.go:29.27,31.3 1 1
github.com/go-jimu/components/logger/helper.go:35.59,37.2 1 0
github.com/go-jimu/components/logger/helper.go:39.71,40.21 1 2
github.com/go-jimu/components/logger/helper.go:44.2,44.30 1 2
github.com/go-jimu/components/logger/helper.go:40.21,42.3 1 0
github.com/go-jimu/components/logger/helper.go:47.83,48.21 1 1
github.com/go-jimu/components/logger/helper.go:51.2,51.59 1 1
github.com/go-jimu/components/logger/helper.go:48.21,50.3 1 0
github.com/go-jimu/components/logger/helper.go:54.48,56.2 1 0
github.com/go-jimu/components/logger/helper.go:58.58,60.2 1 0
github.com/go-jimu/components/logger/helper.go:62.47,64.2 1 2
github.com/go-jimu/components/logger/helper.go:66.57,68.2 1 1
github.com/go-jimu/components/logger/helper.go:70.47,72.2 1 0
github.com/go-jimu/components/logger/helper.go:73.57,75.2 1 0
github.com/go-jimu/components/logger/helper.go:77.48,79.2 1 0
github.com/go-jimu/components/logger/helper.go:80.58,82.2 1 0
github.com/go-jimu/components/logger/helper.go:84.48,86.2 1 0
github.com/go-jimu/components/logger/helper.go:88.58,90.2 1 0
github.com/go-jimu/components/logger/helper.go:92.48,94.2 1 0
github.com/go-jimu/components/logger/helper.go:95.58,97.2 1 0
github.com/go-jimu/components/logger/helper.go:99.59,105.2 1 1
github.com/go-jimu/components/logger/helper.go:107.36,108.25 1 0
github.com/go-jimu/components/logger/helper.go:108.25,110.3 1 0
github.com/go-jimu/components/logger/helper.go:113.40,114.25 1 1
github.com/go-jimu/components/logger/helper.go:114.25,116.3 1 1
github.com/go-jimu/components/logger/logger.go:44.70,47.18 3 6
github.com/go-jimu/components/logger/logger.go:50.2,51.27 2 6
github.com/go-jimu/components/logger/logger.go:47.18,49.3 1 5
github.com/go-jimu/components/logger/logger.go:54.52,55.41 1 3
github.com/go-jimu/components/logger/logger.go:66.2,70.3 1 2
github.com/go-jimu/components/logger/logger.go:55.41,65.3 4 1
github.com/go-jimu/components/logger/logger.go:73.56,74.41 1 2
github.com/go-jimu/components/logger/logger.go:82.2,82.44 1 0
github.com/go-jimu/components/logger/logger.go:74.41,81.3 1 2
github.com/go-jimu/components/logger/stdlogger.go:33.44,37.28 1 4
github.com/go-jimu/components/logger/stdlogger.go:37.28,39.5 1 6
github.com/go-jimu/components/logger/stdlogger.go:45.69,46.25 1 10
github.com/go-jimu/components/logger/stdlogger.go:49.2,49.27 1 9
github.com/go-jimu/components/logger/stdlogger.go:53.2,58.41 5 9
github.com/go-jimu/components/logger/stdlogger.go:61.2,63.15 2 9
github.com/go-jimu/components/logger/stdlogger.go:46.25,48.3 1 1
github.com/go-jimu/components/logger/stdlogger.go:49.27,51.3 1 1
github.com/go-jimu/components/logger/stdlogger.go:58.41,60.3 1 23
github.com/go-jimu/components/logger/stdlogger.go:64.13,65.46 1 1
github.com/go-jimu/components/logger/stdlogger.go:67.13,69.13 2 0
github.com/go-jimu/components/logger/stdlogger.go:71.10,71.10 0 8
github.com/go-jimu/components/logger/valuer.go:23.49,24.23 1 3
github.com/go-jimu/components/logger/valuer.go:27.2,27.39 1 3
github.com/go-jimu/components/logger/valuer.go:32.2,32.14 1 1
github.com/go-jimu/components/logger/valuer.go:24.23,26.3 1 0
github.com/go-jimu/components/logger/valuer.go:27.39,28.39 1 4
github.com/go-jimu/components/logger/valuer.go:28.39,30.4 1 2
github.com/go-jimu/components/logger/valuer.go:37.61,38.23 1 5
github.com/go-jimu/components/logger/valuer.go:41.2,41.39 1 5
github.com/go-jimu/components/logger/valuer.go:38.23,40.3 1 0
github.com/go-jimu/components/logger/valuer.go:41.39,42.44 1 9
github.com/go-jimu/components/logger/valuer.go:42.44,44.4 1 7
github.com/go-jimu/components/logger/valuer.go:48.31,49.45 1 2
github.com/go-jimu/components/logger/valuer.go:49.45,53.3 3 5
